<?xml version="1.0" encoding="UTF-8"?>
<!-- Generated by org.testng.reporters.JUnitXMLReporter -->
<testsuite hostname="MININT-DP2P32S" ignored="0" name="Default test" tests="3" failures="0" timestamp="03 Sep 2020 20:48:20 GMT" time="15.247" errors="0">
  <testcase name="wikipagedata" time="0.605" classname="com.TESTNGScripts.ReadDataFromExcel"/>
  <testcase name="wikipagedata" time="0.436" classname="com.TESTNGScripts.ReadDataFromExcel"/>
  <testcase name="wikipagedata" time="0.335" classname="com.TESTNGScripts.ReadDataFromExcel"/>
</testsuite> <!-- Default test -->
