<?xml version="1.0" encoding="UTF-8"?>
<!-- Generated by org.testng.reporters.JUnitXMLReporter -->
<testsuite hostname="MININT-DP2P32S" ignored="0" name="Functional" tests="3" failures="0" timestamp="03 Sep 2020 23:55:33 GMT" time="33.688" errors="0">
  <testcase name="wikipagedata" time="0.645" classname="com.TESTNGScripts.ReadDataFromExcel"/>
  <testcase name="wikipagedata" time="0.413" classname="com.TESTNGScripts.ReadDataFromExcel"/>
  <testcase name="wikipagedata" time="0.678" classname="com.TESTNGScripts.ReadDataFromExcel"/>
</testsuite> <!-- Functional -->
