<?xml version="1.0" encoding="UTF-8"?>
<testsuite xmlns:xsi="http://www.w3.org/2001/XMLSchema-instance" xsi:noNamespaceSchemaLocation="https://maven.apache.org/surefire/maven-surefire-plugin/xsd/surefire-test-report.xsd" name="TestSuite" time="38.167" tests="3" errors="0" skipped="0" failures="0">
  <properties>
[...]
</properties>
  <testcase name="wikipagedata" classname="com.TESTNGScripts.ReadDataFromExcel" time="0.647"/>
  <testcase name="wikipagedata" classname="com.TESTNGScripts.ReadDataFromExcel" time="0.409"/>
  <testcase name="wikipagedata" classname="com.TESTNGScripts.ReadDataFromExcel" time="0.679"/>
</testsuite>